<?xml version="1.0" encoding="UTF-8"?>
<!-- Generated by org.testng.reporters.JUnitXMLReporter -->
<testsuite hostname="Hasan" name="Test Drop Box Class" tests="1" failures="0" timestamp="29 Apr 2015 13:54:38 GMT" time="0.082" errors="0">
  <testcase name="@BeforeMethod startUp" time="0.0" classname="testcases.TestGmail">
    <failure type="org.testng.TestNGException" message="
Parameter &amp;apos;browser&amp;apos; is required by @Configuration on method startUp but has not been marked @Optional or defined
in C:\Users\Hassan\workspace\Grid2\test.xml">
      <![CDATA[org.testng.TestNGException: 
Parameter 'browser' is required by @Configuration on method startUp but has not been marked @Optional or defined
in C:\Users\Hassan\workspace\Grid2\test.xml
... Removed 23 stack frames]]>
    </failure>
  </testcase> <!-- @BeforeMethod startUp -->
  <testcase name="@AfterMethod broseClose" time="0.0" classname="testcases.TestGmail">
    <skipped/>
  </testcase> <!-- @AfterMethod broseClose -->
  <testcase name="@AfterClass tearDown" time="0.0" classname="testcases.TestGmail">
    <skipped/>
  </testcase> <!-- @AfterClass tearDown -->
  <testcase name="@AfterTest afterTest" time="0.0" classname="testcases.TestGmail">
    <skipped/>
  </testcase> <!-- @AfterTest afterTest -->
  <testcase name="gmailTest" time="0.0" classname="testcases.TestGmail">
    <skipped/>
  </testcase> <!-- gmailTest -->
</testsuite> <!-- Test Drop Box Class -->
