<html xmlns:math="http://exslt.org/math" xmlns:testng="http://testng.org">
   <head>
      <title>TestNG Results</title>
      <meta http-equiv="content-type" content="text/html; charset=utf-8"></meta>
      <meta http-equiv="pragma" content="no-cache"></meta>
      <meta http-equiv="cache-control" content="max-age=0"></meta>
      <meta http-equiv="cache-control" content="no-cache"></meta>
      <meta http-equiv="cache-control" content="no-store"></meta>
      <LINK rel="stylesheet" href="style.css"></LINK>
      <script type="text/javascript" src="main.js"></script>
   </head>
   <body>
      <table width="100%" style="font-size: 16px; margin-bottom: 10px;" cellspacing="1">
         <tr>
            <td width="100%">
               Test case
               
               <b>Before Testing Class</b>
            </td>
            <td style="background-color: #FFBBBB; padding: 3px 3px 3px 0;" align="center">
               <div style="width: 50px;">1</div>
            </td>
            <td style="background-color: lightgreen; padding: 3px 3px 3px 0;" align="center">
               <div style="width: 50px;">2</div>
            </td>
            <td style="background-color: #FFFFBB; padding: 3px 3px 3px 0;" align="center">
               <div style="width: 50px;">0</div>
            </td>
            <td align="center" style="background-color: #eaf0f7; padding: 3px 3px 3px 0;">
               <div style="width: 50px;">3</div>
            </td>
            <td align="center"
                style="font-weight: bold; background-color: #eaf0f7; padding: 3px 3px 3px 0;">
               <div style="width: 50px;">67%</div>
            </td>
            <td style="background-color: #eaf0f7; padding: 3px 3px 3px 0;" align="center"
                nowrap="true">18s
               
            </td>
         </tr>
      </table>
      <div style="width: 200px;">
         <label for="groupMethodsCheckBox" style="font-weight: bold; margin: 0;">
            <input id="groupMethodsCheckBox" type="checkbox" onclick="switchTestMethodsView(this)"></input>
            Group by class
            
         </label>
         <br></br>
         <label for="methodsFilter_ALL" style="font-weight: bold; margin: 0;">
            <input id="methodsFilter_ALL" type="checkbox"
                   onclick="testMethodsFilterChanged(this, 'ALL')"></input>
            All
            
         </label>
      </div>
      <label for="methodsFilter_FAIL" style="margin-left: 20px;">
         <input id="methodsFilter_FAIL" type="checkbox"
                onclick="testMethodsFilterChanged(this, 'FAIL')"
                checked=""></input>
         Failed
         
      </label>
      <label for="methodsFilter_PASS">
         <input id="methodsFilter_PASS" type="checkbox"
                onclick="testMethodsFilterChanged(this, 'PASS')"
                checked=""></input>
         Passed
         
      </label>
      <label for="methodsFilter_SKIP">
         <input id="methodsFilter_SKIP" type="checkbox"
                onclick="testMethodsFilterChanged(this, 'SKIP')"
                checked=""></input>
         Skipped
         
      </label>
      <label for="methodsFilter_CONF">
         <input id="methodsFilter_CONF" type="checkbox"
                onclick="testMethodsFilterChanged(this, 'CONF')"></input>
         Config
         
      </label>
      <br></br>
      <div id="testMethodsByStatus">
         <table class="testMethodsTable" cellpadding="0" cellspacing="0">
            <tr class="methodsTableHeader">
               <td width="100%">Name</td>
               <td nowrap="true">Started</td>
               <td nowrap="true">Duration</td>
               <td>Exception</td>
            </tr>
            <tr id="testcases.BeforeTesting_failingTest_byStatus_failed_FAIL1_row"
                class="testMethodStatusFAIL">
               <td width="100%" class="firstMethodCell">
                  <a onclick="toggleDetailsVisibility('testcases.BeforeTesting_failingTest_byStatus_failed_FAIL1_details')">failingTest()</a>
               </td>
               <td nowrap="true">20:54:27</td>
               <td nowrap="true" align="right">5s
                  
               </td>
               <td nowrap="true">
                  <a onclick="toggleDetailsVisibility('testcases.BeforeTesting_failingTest_byStatus_failed_FAIL1_exception')">java.lang.AssertionError: 
                     expected [true] but found [false]
                     
                  </a>
                   
                  
               </td>
            </tr>
            <tr>
               <td colspan="4" class="detailsBox">
                  <div id="testcases.BeforeTesting_failingTest_byStatus_failed_FAIL1_details"
                       class="testMethodDetails">
                     <div>
                        <b>Name: </b>failingTest
                     </div>
                     <div>
                        <b>Signature: </b>failingTest()[pri:0, instance:testcases.BeforeTesting@6442b0a6]
                     </div>
                     <div>
                        <b>Start time: </b>20:54:27
                     </div>
                     <div>
                        <b>End time: </b>20:54:32
                     </div>
                     <div>
                        <b>Duration: </b>5s
                        
                     </div>
                  </div>
               </td>
            </tr>
            <tr>
               <td colspan="4" class="detailsBox">
                  <div id="testcases.BeforeTesting_failingTest_byStatus_failed_FAIL1_exception"
                       class="testMethodDetails">
                     <pre style="padding: 5px; margin: 0;">java.lang.AssertionError: expected [true] but found [false]
                        	at org.testng.Assert.fail(Assert.java:94)
                        	at org.testng.Assert.failNotEquals(Assert.java:494)
                        	at org.testng.Assert.assertTrue(Assert.java:42)
                        	at org.testng.Assert.assertTrue(Assert.java:52)
                        	at testcases.BeforeTesting.failingTest(BeforeTesting.java:40)
                        	at sun.reflect.NativeMethodAccessorImpl.invoke0(Native Method)
                        	at sun.reflect.NativeMethodAccessorImpl.invoke(Unknown Source)
                        	at sun.reflect.DelegatingMethodAccessorImpl.invoke(Unknown Source)
                        	at java.lang.reflect.Method.invoke(Unknown Source)
                        	at org.testng.internal.MethodInvocationHelper.invokeMethod(MethodInvocationHelper.java:84)
                        	at org.testng.internal.Invoker.invokeMethod(Invoker.java:714)
                        	at org.testng.internal.Invoker.invokeTestMethod(Invoker.java:901)
                        	at org.testng.internal.Invoker.invokeTestMethods(Invoker.java:1231)
                        	at org.testng.internal.TestMethodWorker.invokeTestMethods(TestMethodWorker.java:127)
                        	at org.testng.internal.TestMethodWorker.run(TestMethodWorker.java:111)
                        	at org.testng.TestRunner.privateRun(TestRunner.java:767)
                        	at org.testng.TestRunner.run(TestRunner.java:617)
                        	at org.testng.SuiteRunner.runTest(SuiteRunner.java:334)
                        	at org.testng.SuiteRunner.runSequentially(SuiteRunner.java:329)
                        	at org.testng.SuiteRunner.privateRun(SuiteRunner.java:291)
                        	at org.testng.SuiteRunner.run(SuiteRunner.java:240)
                        	at org.testng.SuiteRunnerWorker.runSuite(SuiteRunnerWorker.java:52)
                        	at org.testng.SuiteRunnerWorker.run(SuiteRunnerWorker.java:86)
                        	at org.testng.TestNG.runSuitesSequentially(TestNG.java:1224)
                        	at org.testng.TestNG.runSuitesLocally(TestNG.java:1149)
                        	at org.testng.TestNG.run(TestNG.java:1057)
                        	at org.testng.TestNG.privateMain(TestNG.java:1364)
                        	at org.testng.TestNG.main(TestNG.java:1333)
                     </pre>
                  </div>
               </td>
            </tr>
            <tr id="testcases.BeforeTesting_tearUP_byStatus_passed_PASS1_row"
                class="testMethodStatusPASS testMethodStatusCONF">
               <td width="100%" class="firstMethodCell">
                  <a onclick="toggleDetailsVisibility('testcases.BeforeTesting_tearUP_byStatus_passed_PASS1_details')">tearUP()</a>
               </td>
               <td nowrap="true">20:54:15</td>
               <td nowrap="true" align="right">6s
                  
               </td>
               <td nowrap="true">
                   
                  
               </td>
            </tr>
            <tr>
               <td colspan="4" class="detailsBox">
                  <div id="testcases.BeforeTesting_tearUP_byStatus_passed_PASS1_details"
                       class="testMethodDetails">
                     <div>
                        <b>Name: </b>tearUP
                     </div>
                     <div>
                        <b>Signature: </b>tearUP()[pri:0, instance:testcases.BeforeTesting@6442b0a6]
                     </div>
                     <div>
                        <b>Start time: </b>20:54:15
                     </div>
                     <div>
                        <b>End time: </b>20:54:21
                     </div>
                     <div>
                        <b>Duration: </b>6s
                        
                     </div>
                  </div>
               </td>
            </tr>
            <tr></tr>
            <tr id="testcases.BeforeTesting_beforeMethodTest_byStatus_passed_PASS2_row"
                class="testMethodStatusPASS testMethodStatusCONF">
               <td width="100%" class="firstMethodCell">
                  <a onclick="toggleDetailsVisibility('testcases.BeforeTesting_beforeMethodTest_byStatus_passed_PASS2_details')">beforeMethodTest(public void testcases.BeforeTesting.Gmail_Test() throws java.net.MalformedURLException)</a>
               </td>
               <td nowrap="true">20:54:21</td>
               <td nowrap="true" align="right">0 ms
                  
               </td>
               <td nowrap="true">
                   
                  
               </td>
            </tr>
            <tr>
               <td colspan="4" class="detailsBox">
                  <div id="testcases.BeforeTesting_beforeMethodTest_byStatus_passed_PASS2_details"
                       class="testMethodDetails">
                     <div>
                        <b>Name: </b>beforeMethodTest
                     </div>
                     <div>
                        <b>Signature: </b>beforeMethodTest(java.lang.reflect.Method)[pri:0, instance:testcases.BeforeTesting@6442b0a6]
                     </div>
                     <div>
                        <b>Parameters: </b>
                        
                        public void testcases.BeforeTesting.Gmail_Test() throws java.net.MalformedURLException
                        
                        
                     </div>
                     <div>
                        <b>Start time: </b>20:54:21
                     </div>
                     <div>
                        <b>End time: </b>20:54:21
                     </div>
                     <div>
                        <b>Duration: </b>0 ms
                        
                     </div>
                  </div>
               </td>
            </tr>
            <tr></tr>
            <tr id="testcases.BeforeTesting_Gmail_Test_byStatus_passed_PASS3_row"
                class="testMethodStatusPASS">
               <td width="100%" class="firstMethodCell">
                  <a onclick="toggleDetailsVisibility('testcases.BeforeTesting_Gmail_Test_byStatus_passed_PASS3_details')">Gmail_Test()</a>
               </td>
               <td nowrap="true">20:54:21</td>
               <td nowrap="true" align="right">2s
                  
               </td>
               <td nowrap="true">
                   
                  
               </td>
            </tr>
            <tr>
               <td colspan="4" class="detailsBox">
                  <div id="testcases.BeforeTesting_Gmail_Test_byStatus_passed_PASS3_details"
                       class="testMethodDetails">
                     <div>
                        <b>Name: </b>Gmail_Test
                     </div>
                     <div>
                        <b>Signature: </b>Gmail_Test()[pri:0, instance:testcases.BeforeTesting@6442b0a6]
                     </div>
                     <div>
                        <b>Start time: </b>20:54:21
                     </div>
                     <div>
                        <b>End time: </b>20:54:23
                     </div>
                     <div>
                        <b>Duration: </b>2s
                        
                     </div>
                  </div>
               </td>
            </tr>
            <tr></tr>
            <tr id="testcases.BeforeTesting_broseClose_byStatus_passed_PASS4_row"
                class="testMethodStatusPASS testMethodStatusCONF">
               <td width="100%" class="firstMethodCell">
                  <a onclick="toggleDetailsVisibility('testcases.BeforeTesting_broseClose_byStatus_passed_PASS4_details')">broseClose(public void testcases.BeforeTesting.Gmail_Test() throws java.net.MalformedURLException)</a>
               </td>
               <td nowrap="true">20:54:23</td>
               <td nowrap="true" align="right">1 ms
                  
               </td>
               <td nowrap="true">
                   
                  
               </td>
            </tr>
            <tr>
               <td colspan="4" class="detailsBox">
                  <div id="testcases.BeforeTesting_broseClose_byStatus_passed_PASS4_details"
                       class="testMethodDetails">
                     <div>
                        <b>Name: </b>broseClose
                     </div>
                     <div>
                        <b>Signature: </b>broseClose(java.lang.reflect.Method)[pri:0, instance:testcases.BeforeTesting@6442b0a6]
                     </div>
                     <div>
                        <b>Parameters: </b>
                        
                        public void testcases.BeforeTesting.Gmail_Test() throws java.net.MalformedURLException
                        
                        
                     </div>
                     <div>
                        <b>Start time: </b>20:54:23
                     </div>
                     <div>
                        <b>End time: </b>20:54:23
                     </div>
                     <div>
                        <b>Duration: </b>1 ms
                        
                     </div>
                  </div>
               </td>
            </tr>
            <tr></tr>
            <tr id="testcases.BeforeTesting_beforeMethodTest_byStatus_passed_PASS5_row"
                class="testMethodStatusPASS testMethodStatusCONF">
               <td width="100%" class="firstMethodCell">
                  <a onclick="toggleDetailsVisibility('testcases.BeforeTesting_beforeMethodTest_byStatus_passed_PASS5_details')">beforeMethodTest(public void testcases.BeforeTesting.SpaFinder_Test() throws java.net.MalformedURLException)</a>
               </td>
               <td nowrap="true">20:54:23</td>
               <td nowrap="true" align="right">0 ms
                  
               </td>
               <td nowrap="true">
                   
                  
               </td>
            </tr>
            <tr>
               <td colspan="4" class="detailsBox">
                  <div id="testcases.BeforeTesting_beforeMethodTest_byStatus_passed_PASS5_details"
                       class="testMethodDetails">
                     <div>
                        <b>Name: </b>beforeMethodTest
                     </div>
                     <div>
                        <b>Signature: </b>beforeMethodTest(java.lang.reflect.Method)[pri:0, instance:testcases.BeforeTesting@6442b0a6]
                     </div>
                     <div>
                        <b>Parameters: </b>
                        
                        public void testcases.BeforeTesting.SpaFinder_Test() throws java.net.MalformedURLException
                        
                        
                     </div>
                     <div>
                        <b>Start time: </b>20:54:23
                     </div>
                     <div>
                        <b>End time: </b>20:54:23
                     </div>
                     <div>
                        <b>Duration: </b>0 ms
                        
                     </div>
                  </div>
               </td>
            </tr>
            <tr></tr>
            <tr id="testcases.BeforeTesting_SpaFinder_Test_byStatus_passed_PASS6_row"
                class="testMethodStatusPASS">
               <td width="100%" class="firstMethodCell">
                  <a onclick="toggleDetailsVisibility('testcases.BeforeTesting_SpaFinder_Test_byStatus_passed_PASS6_details')">SpaFinder_Test()</a>
               </td>
               <td nowrap="true">20:54:23</td>
               <td nowrap="true" align="right">5s
                  
               </td>
               <td nowrap="true">
                   
                  
               </td>
            </tr>
            <tr>
               <td colspan="4" class="detailsBox">
                  <div id="testcases.BeforeTesting_SpaFinder_Test_byStatus_passed_PASS6_details"
                       class="testMethodDetails">
                     <div>
                        <b>Name: </b>SpaFinder_Test
                     </div>
                     <div>
                        <b>Signature: </b>SpaFinder_Test()[pri:0, instance:testcases.BeforeTesting@6442b0a6]
                     </div>
                     <div>
                        <b>Start time: </b>20:54:23
                     </div>
                     <div>
                        <b>End time: </b>20:54:27
                     </div>
                     <div>
                        <b>Duration: </b>5s
                        
                     </div>
                  </div>
               </td>
            </tr>
            <tr></tr>
            <tr id="testcases.BeforeTesting_broseClose_byStatus_passed_PASS7_row"
                class="testMethodStatusPASS testMethodStatusCONF">
               <td width="100%" class="firstMethodCell">
                  <a onclick="toggleDetailsVisibility('testcases.BeforeTesting_broseClose_byStatus_passed_PASS7_details')">broseClose(public void testcases.BeforeTesting.SpaFinder_Test() throws java.net.MalformedURLException)</a>
               </td>
               <td nowrap="true">20:54:27</td>
               <td nowrap="true" align="right">1 ms
                  
               </td>
               <td nowrap="true">
                   
                  
               </td>
            </tr>
            <tr>
               <td colspan="4" class="detailsBox">
                  <div id="testcases.BeforeTesting_broseClose_byStatus_passed_PASS7_details"
                       class="testMethodDetails">
                     <div>
                        <b>Name: </b>broseClose
                     </div>
                     <div>
                        <b>Signature: </b>broseClose(java.lang.reflect.Method)[pri:0, instance:testcases.BeforeTesting@6442b0a6]
                     </div>
                     <div>
                        <b>Parameters: </b>
                        
                        public void testcases.BeforeTesting.SpaFinder_Test() throws java.net.MalformedURLException
                        
                        
                     </div>
                     <div>
                        <b>Start time: </b>20:54:27
                     </div>
                     <div>
                        <b>End time: </b>20:54:27
                     </div>
                     <div>
                        <b>Duration: </b>1 ms
                        
                     </div>
                  </div>
               </td>
            </tr>
            <tr></tr>
            <tr id="testcases.BeforeTesting_beforeMethodTest_byStatus_passed_PASS8_row"
                class="testMethodStatusPASS testMethodStatusCONF">
               <td width="100%" class="firstMethodCell">
                  <a onclick="toggleDetailsVisibility('testcases.BeforeTesting_beforeMethodTest_byStatus_passed_PASS8_details')">beforeMethodTest(public void testcases.BeforeTesting.failingTest() throws java.lang.Exception)</a>
               </td>
               <td nowrap="true">20:54:27</td>
               <td nowrap="true" align="right">1 ms
                  
               </td>
               <td nowrap="true">
                   
                  
               </td>
            </tr>
            <tr>
               <td colspan="4" class="detailsBox">
                  <div id="testcases.BeforeTesting_beforeMethodTest_byStatus_passed_PASS8_details"
                       class="testMethodDetails">
                     <div>
                        <b>Name: </b>beforeMethodTest
                     </div>
                     <div>
                        <b>Signature: </b>beforeMethodTest(java.lang.reflect.Method)[pri:0, instance:testcases.BeforeTesting@6442b0a6]
                     </div>
                     <div>
                        <b>Parameters: </b>
                        
                        public void testcases.BeforeTesting.failingTest() throws java.lang.Exception
                        
                        
                     </div>
                     <div>
                        <b>Start time: </b>20:54:27
                     </div>
                     <div>
                        <b>End time: </b>20:54:27
                     </div>
                     <div>
                        <b>Duration: </b>1 ms
                        
                     </div>
                  </div>
               </td>
            </tr>
            <tr></tr>
            <tr id="testcases.BeforeTesting_closeBrowser_byStatus_passed_PASS9_row"
                class="testMethodStatusPASS testMethodStatusCONF">
               <td width="100%" class="firstMethodCell">
                  <a onclick="toggleDetailsVisibility('testcases.BeforeTesting_closeBrowser_byStatus_passed_PASS9_details')">closeBrowser()</a>
               </td>
               <td nowrap="true">20:54:32</td>
               <td nowrap="true" align="right">112 ms
                  
               </td>
               <td nowrap="true">
                   
                  
               </td>
            </tr>
            <tr>
               <td colspan="4" class="detailsBox">
                  <div id="testcases.BeforeTesting_closeBrowser_byStatus_passed_PASS9_details"
                       class="testMethodDetails">
                     <div>
                        <b>Name: </b>closeBrowser
                     </div>
                     <div>
                        <b>Signature: </b>closeBrowser()[pri:0, instance:testcases.BeforeTesting@6442b0a6]
                     </div>
                     <div>
                        <b>Start time: </b>20:54:32
                     </div>
                     <div>
                        <b>End time: </b>20:54:32
                     </div>
                     <div>
                        <b>Duration: </b>112 ms
                        
                     </div>
                  </div>
               </td>
            </tr>
            <tr></tr>
            <tr id="testcases.BeforeTesting_broseClose_byStatus_passed_PASS10_row"
                class="testMethodStatusPASS testMethodStatusCONF">
               <td width="100%" class="firstMethodCell">
                  <a onclick="toggleDetailsVisibility('testcases.BeforeTesting_broseClose_byStatus_passed_PASS10_details')">broseClose(public void testcases.BeforeTesting.failingTest() throws java.lang.Exception)</a>
               </td>
               <td nowrap="true">20:54:32</td>
               <td nowrap="true" align="right">0 ms
                  
               </td>
               <td nowrap="true">
                   
                  
               </td>
            </tr>
            <tr>
               <td colspan="4" class="detailsBox">
                  <div id="testcases.BeforeTesting_broseClose_byStatus_passed_PASS10_details"
                       class="testMethodDetails">
                     <div>
                        <b>Name: </b>broseClose
                     </div>
                     <div>
                        <b>Signature: </b>broseClose(java.lang.reflect.Method)[pri:0, instance:testcases.BeforeTesting@6442b0a6]
                     </div>
                     <div>
                        <b>Parameters: </b>
                        
                        public void testcases.BeforeTesting.failingTest() throws java.lang.Exception
                        
                        
                     </div>
                     <div>
                        <b>Start time: </b>20:54:32
                     </div>
                     <div>
                        <b>End time: </b>20:54:32
                     </div>
                     <div>
                        <b>Duration: </b>0 ms
                        
                     </div>
                  </div>
               </td>
            </tr>
            <tr></tr>
            <tr id="testcases.BeforeTesting_tearDown_byStatus_passed_PASS11_row"
                class="testMethodStatusPASS testMethodStatusCONF">
               <td width="100%" class="firstMethodCell">
                  <a onclick="toggleDetailsVisibility('testcases.BeforeTesting_tearDown_byStatus_passed_PASS11_details')">tearDown()</a>
               </td>
               <td nowrap="true">20:54:32</td>
               <td nowrap="true" align="right">509 ms
                  
               </td>
               <td nowrap="true">
                   
                  
               </td>
            </tr>
            <tr>
               <td colspan="4" class="detailsBox">
                  <div id="testcases.BeforeTesting_tearDown_byStatus_passed_PASS11_details"
                       class="testMethodDetails">
                     <div>
                        <b>Name: </b>tearDown
                     </div>
                     <div>
                        <b>Signature: </b>tearDown()[pri:0, instance:testcases.BeforeTesting@6442b0a6]
                     </div>
                     <div>
                        <b>Start time: </b>20:54:32
                     </div>
                     <div>
                        <b>End time: </b>20:54:33
                     </div>
                     <div>
                        <b>Duration: </b>509 ms
                        
                     </div>
                  </div>
               </td>
            </tr>
            <tr></tr>
         </table>
      </div>
      <div id="testMethodsByClass" style="display: none;">
         <table class="testMethodsTable" cellpadding="0" cellspacing="0">
            <tr>
               <td colspan="4">
                  <h3 style="display: inline;">testcases.BeforeTesting</h3>
               </td>
            </tr>
            <tr class="methodsTableHeader">
               <td width="100%">Name</td>
               <td nowrap="true">Started</td>
               <td nowrap="true">Duration</td>
               <td>Exception</td>
            </tr>
            <tr id="testcases.BeforeTesting_tearUP_byClass_PASS1_row"
                class="testMethodStatusPASS testMethodStatusCONF">
               <td width="100%" class="firstMethodCell">
                  <a onclick="toggleDetailsVisibility('testcases.BeforeTesting_tearUP_byClass_PASS1_details')">tearUP()</a>
               </td>
               <td nowrap="true">20:54:15</td>
               <td nowrap="true" align="right">6s
                  
               </td>
               <td nowrap="true">
                   
                  
               </td>
            </tr>
            <tr>
               <td colspan="4" class="detailsBox">
                  <div id="testcases.BeforeTesting_tearUP_byClass_PASS1_details"
                       class="testMethodDetails">
                     <div>
                        <b>Name: </b>tearUP
                     </div>
                     <div>
                        <b>Signature: </b>tearUP()[pri:0, instance:testcases.BeforeTesting@6442b0a6]
                     </div>
                     <div>
                        <b>Start time: </b>20:54:15
                     </div>
                     <div>
                        <b>End time: </b>20:54:21
                     </div>
                     <div>
                        <b>Duration: </b>6s
                        
                     </div>
                  </div>
               </td>
            </tr>
            <tr></tr>
            <tr id="testcases.BeforeTesting_beforeMethodTest_byClass_PASS2_row"
                class="testMethodStatusPASS testMethodStatusCONF">
               <td width="100%" class="firstMethodCell">
                  <a onclick="toggleDetailsVisibility('testcases.BeforeTesting_beforeMethodTest_byClass_PASS2_details')">beforeMethodTest(public void testcases.BeforeTesting.Gmail_Test() throws java.net.MalformedURLException)</a>
               </td>
               <td nowrap="true">20:54:21</td>
               <td nowrap="true" align="right">0 ms
                  
               </td>
               <td nowrap="true">
                   
                  
               </td>
            </tr>
            <tr>
               <td colspan="4" class="detailsBox">
                  <div id="testcases.BeforeTesting_beforeMethodTest_byClass_PASS2_details"
                       class="testMethodDetails">
                     <div>
                        <b>Name: </b>beforeMethodTest
                     </div>
                     <div>
                        <b>Signature: </b>beforeMethodTest(java.lang.reflect.Method)[pri:0, instance:testcases.BeforeTesting@6442b0a6]
                     </div>
                     <div>
                        <b>Parameters: </b>
                        
                        public void testcases.BeforeTesting.Gmail_Test() throws java.net.MalformedURLException
                        
                        
                     </div>
                     <div>
                        <b>Start time: </b>20:54:21
                     </div>
                     <div>
                        <b>End time: </b>20:54:21
                     </div>
                     <div>
                        <b>Duration: </b>0 ms
                        
                     </div>
                  </div>
               </td>
            </tr>
            <tr></tr>
            <tr id="testcases.BeforeTesting_Gmail_Test_byClass_PASS3_row"
                class="testMethodStatusPASS">
               <td width="100%" class="firstMethodCell">
                  <a onclick="toggleDetailsVisibility('testcases.BeforeTesting_Gmail_Test_byClass_PASS3_details')">Gmail_Test()</a>
               </td>
               <td nowrap="true">20:54:21</td>
               <td nowrap="true" align="right">2s
                  
               </td>
               <td nowrap="true">
                   
                  
               </td>
            </tr>
            <tr>
               <td colspan="4" class="detailsBox">
                  <div id="testcases.BeforeTesting_Gmail_Test_byClass_PASS3_details"
                       class="testMethodDetails">
                     <div>
                        <b>Name: </b>Gmail_Test
                     </div>
                     <div>
                        <b>Signature: </b>Gmail_Test()[pri:0, instance:testcases.BeforeTesting@6442b0a6]
                     </div>
                     <div>
                        <b>Start time: </b>20:54:21
                     </div>
                     <div>
                        <b>End time: </b>20:54:23
                     </div>
                     <div>
                        <b>Duration: </b>2s
                        
                     </div>
                  </div>
               </td>
            </tr>
            <tr></tr>
            <tr id="testcases.BeforeTesting_broseClose_byClass_PASS4_row"
                class="testMethodStatusPASS testMethodStatusCONF">
               <td width="100%" class="firstMethodCell">
                  <a onclick="toggleDetailsVisibility('testcases.BeforeTesting_broseClose_byClass_PASS4_details')">broseClose(public void testcases.BeforeTesting.Gmail_Test() throws java.net.MalformedURLException)</a>
               </td>
               <td nowrap="true">20:54:23</td>
               <td nowrap="true" align="right">1 ms
                  
               </td>
               <td nowrap="true">
                   
                  
               </td>
            </tr>
            <tr>
               <td colspan="4" class="detailsBox">
                  <div id="testcases.BeforeTesting_broseClose_byClass_PASS4_details"
                       class="testMethodDetails">
                     <div>
                        <b>Name: </b>broseClose
                     </div>
                     <div>
                        <b>Signature: </b>broseClose(java.lang.reflect.Method)[pri:0, instance:testcases.BeforeTesting@6442b0a6]
                     </div>
                     <div>
                        <b>Parameters: </b>
                        
                        public void testcases.BeforeTesting.Gmail_Test() throws java.net.MalformedURLException
                        
                        
                     </div>
                     <div>
                        <b>Start time: </b>20:54:23
                     </div>
                     <div>
                        <b>End time: </b>20:54:23
                     </div>
                     <div>
                        <b>Duration: </b>1 ms
                        
                     </div>
                  </div>
               </td>
            </tr>
            <tr></tr>
            <tr id="testcases.BeforeTesting_beforeMethodTest_byClass_PASS5_row"
                class="testMethodStatusPASS testMethodStatusCONF">
               <td width="100%" class="firstMethodCell">
                  <a onclick="toggleDetailsVisibility('testcases.BeforeTesting_beforeMethodTest_byClass_PASS5_details')">beforeMethodTest(public void testcases.BeforeTesting.SpaFinder_Test() throws java.net.MalformedURLException)</a>
               </td>
               <td nowrap="true">20:54:23</td>
               <td nowrap="true" align="right">0 ms
                  
               </td>
               <td nowrap="true">
                   
                  
               </td>
            </tr>
            <tr>
               <td colspan="4" class="detailsBox">
                  <div id="testcases.BeforeTesting_beforeMethodTest_byClass_PASS5_details"
                       class="testMethodDetails">
                     <div>
                        <b>Name: </b>beforeMethodTest
                     </div>
                     <div>
                        <b>Signature: </b>beforeMethodTest(java.lang.reflect.Method)[pri:0, instance:testcases.BeforeTesting@6442b0a6]
                     </div>
                     <div>
                        <b>Parameters: </b>
                        
                        public void testcases.BeforeTesting.SpaFinder_Test() throws java.net.MalformedURLException
                        
                        
                     </div>
                     <div>
                        <b>Start time: </b>20:54:23
                     </div>
                     <div>
                        <b>End time: </b>20:54:23
                     </div>
                     <div>
                        <b>Duration: </b>0 ms
                        
                     </div>
                  </div>
               </td>
            </tr>
            <tr></tr>
            <tr id="testcases.BeforeTesting_SpaFinder_Test_byClass_PASS6_row"
                class="testMethodStatusPASS">
               <td width="100%" class="firstMethodCell">
                  <a onclick="toggleDetailsVisibility('testcases.BeforeTesting_SpaFinder_Test_byClass_PASS6_details')">SpaFinder_Test()</a>
               </td>
               <td nowrap="true">20:54:23</td>
               <td nowrap="true" align="right">5s
                  
               </td>
               <td nowrap="true">
                   
                  
               </td>
            </tr>
            <tr>
               <td colspan="4" class="detailsBox">
                  <div id="testcases.BeforeTesting_SpaFinder_Test_byClass_PASS6_details"
                       class="testMethodDetails">
                     <div>
                        <b>Name: </b>SpaFinder_Test
                     </div>
                     <div>
                        <b>Signature: </b>SpaFinder_Test()[pri:0, instance:testcases.BeforeTesting@6442b0a6]
                     </div>
                     <div>
                        <b>Start time: </b>20:54:23
                     </div>
                     <div>
                        <b>End time: </b>20:54:27
                     </div>
                     <div>
                        <b>Duration: </b>5s
                        
                     </div>
                  </div>
               </td>
            </tr>
            <tr></tr>
            <tr id="testcases.BeforeTesting_broseClose_byClass_PASS7_row"
                class="testMethodStatusPASS testMethodStatusCONF">
               <td width="100%" class="firstMethodCell">
                  <a onclick="toggleDetailsVisibility('testcases.BeforeTesting_broseClose_byClass_PASS7_details')">broseClose(public void testcases.BeforeTesting.SpaFinder_Test() throws java.net.MalformedURLException)</a>
               </td>
               <td nowrap="true">20:54:27</td>
               <td nowrap="true" align="right">1 ms
                  
               </td>
               <td nowrap="true">
                   
                  
               </td>
            </tr>
            <tr>
               <td colspan="4" class="detailsBox">
                  <div id="testcases.BeforeTesting_broseClose_byClass_PASS7_details"
                       class="testMethodDetails">
                     <div>
                        <b>Name: </b>broseClose
                     </div>
                     <div>
                        <b>Signature: </b>broseClose(java.lang.reflect.Method)[pri:0, instance:testcases.BeforeTesting@6442b0a6]
                     </div>
                     <div>
                        <b>Parameters: </b>
                        
                        public void testcases.BeforeTesting.SpaFinder_Test() throws java.net.MalformedURLException
                        
                        
                     </div>
                     <div>
                        <b>Start time: </b>20:54:27
                     </div>
                     <div>
                        <b>End time: </b>20:54:27
                     </div>
                     <div>
                        <b>Duration: </b>1 ms
                        
                     </div>
                  </div>
               </td>
            </tr>
            <tr></tr>
            <tr id="testcases.BeforeTesting_beforeMethodTest_byClass_PASS8_row"
                class="testMethodStatusPASS testMethodStatusCONF">
               <td width="100%" class="firstMethodCell">
                  <a onclick="toggleDetailsVisibility('testcases.BeforeTesting_beforeMethodTest_byClass_PASS8_details')">beforeMethodTest(public void testcases.BeforeTesting.failingTest() throws java.lang.Exception)</a>
               </td>
               <td nowrap="true">20:54:27</td>
               <td nowrap="true" align="right">1 ms
                  
               </td>
               <td nowrap="true">
                   
                  
               </td>
            </tr>
            <tr>
               <td colspan="4" class="detailsBox">
                  <div id="testcases.BeforeTesting_beforeMethodTest_byClass_PASS8_details"
                       class="testMethodDetails">
                     <div>
                        <b>Name: </b>beforeMethodTest
                     </div>
                     <div>
                        <b>Signature: </b>beforeMethodTest(java.lang.reflect.Method)[pri:0, instance:testcases.BeforeTesting@6442b0a6]
                     </div>
                     <div>
                        <b>Parameters: </b>
                        
                        public void testcases.BeforeTesting.failingTest() throws java.lang.Exception
                        
                        
                     </div>
                     <div>
                        <b>Start time: </b>20:54:27
                     </div>
                     <div>
                        <b>End time: </b>20:54:27
                     </div>
                     <div>
                        <b>Duration: </b>1 ms
                        
                     </div>
                  </div>
               </td>
            </tr>
            <tr></tr>
            <tr id="testcases.BeforeTesting_failingTest_byClass_FAIL9_row"
                class="testMethodStatusFAIL">
               <td width="100%" class="firstMethodCell">
                  <a onclick="toggleDetailsVisibility('testcases.BeforeTesting_failingTest_byClass_FAIL9_details')">failingTest()</a>
               </td>
               <td nowrap="true">20:54:27</td>
               <td nowrap="true" align="right">5s
                  
               </td>
               <td nowrap="true">
                  <a onclick="toggleDetailsVisibility('testcases.BeforeTesting_failingTest_byClass_FAIL9_exception')">java.lang.AssertionError: 
                     expected [true] but found [false]
                     
                  </a>
                   
                  
               </td>
            </tr>
            <tr>
               <td colspan="4" class="detailsBox">
                  <div id="testcases.BeforeTesting_failingTest_byClass_FAIL9_details"
                       class="testMethodDetails">
                     <div>
                        <b>Name: </b>failingTest
                     </div>
                     <div>
                        <b>Signature: </b>failingTest()[pri:0, instance:testcases.BeforeTesting@6442b0a6]
                     </div>
                     <div>
                        <b>Start time: </b>20:54:27
                     </div>
                     <div>
                        <b>End time: </b>20:54:32
                     </div>
                     <div>
                        <b>Duration: </b>5s
                        
                     </div>
                  </div>
               </td>
            </tr>
            <tr>
               <td colspan="4" class="detailsBox">
                  <div id="testcases.BeforeTesting_failingTest_byClass_FAIL9_exception"
                       class="testMethodDetails">
                     <pre style="padding: 5px; margin: 0;">java.lang.AssertionError: expected [true] but found [false]
                        	at org.testng.Assert.fail(Assert.java:94)
                        	at org.testng.Assert.failNotEquals(Assert.java:494)
                        	at org.testng.Assert.assertTrue(Assert.java:42)
                        	at org.testng.Assert.assertTrue(Assert.java:52)
                        	at testcases.BeforeTesting.failingTest(BeforeTesting.java:40)
                        	at sun.reflect.NativeMethodAccessorImpl.invoke0(Native Method)
                        	at sun.reflect.NativeMethodAccessorImpl.invoke(Unknown Source)
                        	at sun.reflect.DelegatingMethodAccessorImpl.invoke(Unknown Source)
                        	at java.lang.reflect.Method.invoke(Unknown Source)
                        	at org.testng.internal.MethodInvocationHelper.invokeMethod(MethodInvocationHelper.java:84)
                        	at org.testng.internal.Invoker.invokeMethod(Invoker.java:714)
                        	at org.testng.internal.Invoker.invokeTestMethod(Invoker.java:901)
                        	at org.testng.internal.Invoker.invokeTestMethods(Invoker.java:1231)
                        	at org.testng.internal.TestMethodWorker.invokeTestMethods(TestMethodWorker.java:127)
                        	at org.testng.internal.TestMethodWorker.run(TestMethodWorker.java:111)
                        	at org.testng.TestRunner.privateRun(TestRunner.java:767)
                        	at org.testng.TestRunner.run(TestRunner.java:617)
                        	at org.testng.SuiteRunner.runTest(SuiteRunner.java:334)
                        	at org.testng.SuiteRunner.runSequentially(SuiteRunner.java:329)
                        	at org.testng.SuiteRunner.privateRun(SuiteRunner.java:291)
                        	at org.testng.SuiteRunner.run(SuiteRunner.java:240)
                        	at org.testng.SuiteRunnerWorker.runSuite(SuiteRunnerWorker.java:52)
                        	at org.testng.SuiteRunnerWorker.run(SuiteRunnerWorker.java:86)
                        	at org.testng.TestNG.runSuitesSequentially(TestNG.java:1224)
                        	at org.testng.TestNG.runSuitesLocally(TestNG.java:1149)
                        	at org.testng.TestNG.run(TestNG.java:1057)
                        	at org.testng.TestNG.privateMain(TestNG.java:1364)
                        	at org.testng.TestNG.main(TestNG.java:1333)
                     </pre>
                  </div>
               </td>
            </tr>
            <tr id="testcases.BeforeTesting_closeBrowser_byClass_PASS10_row"
                class="testMethodStatusPASS testMethodStatusCONF">
               <td width="100%" class="firstMethodCell">
                  <a onclick="toggleDetailsVisibility('testcases.BeforeTesting_closeBrowser_byClass_PASS10_details')">closeBrowser()</a>
               </td>
               <td nowrap="true">20:54:32</td>
               <td nowrap="true" align="right">112 ms
                  
               </td>
               <td nowrap="true">
                   
                  
               </td>
            </tr>
            <tr>
               <td colspan="4" class="detailsBox">
                  <div id="testcases.BeforeTesting_closeBrowser_byClass_PASS10_details"
                       class="testMethodDetails">
                     <div>
                        <b>Name: </b>closeBrowser
                     </div>
                     <div>
                        <b>Signature: </b>closeBrowser()[pri:0, instance:testcases.BeforeTesting@6442b0a6]
                     </div>
                     <div>
                        <b>Start time: </b>20:54:32
                     </div>
                     <div>
                        <b>End time: </b>20:54:32
                     </div>
                     <div>
                        <b>Duration: </b>112 ms
                        
                     </div>
                  </div>
               </td>
            </tr>
            <tr></tr>
            <tr id="testcases.BeforeTesting_broseClose_byClass_PASS11_row"
                class="testMethodStatusPASS testMethodStatusCONF">
               <td width="100%" class="firstMethodCell">
                  <a onclick="toggleDetailsVisibility('testcases.BeforeTesting_broseClose_byClass_PASS11_details')">broseClose(public void testcases.BeforeTesting.failingTest() throws java.lang.Exception)</a>
               </td>
               <td nowrap="true">20:54:32</td>
               <td nowrap="true" align="right">0 ms
                  
               </td>
               <td nowrap="true">
                   
                  
               </td>
            </tr>
            <tr>
               <td colspan="4" class="detailsBox">
                  <div id="testcases.BeforeTesting_broseClose_byClass_PASS11_details"
                       class="testMethodDetails">
                     <div>
                        <b>Name: </b>broseClose
                     </div>
                     <div>
                        <b>Signature: </b>broseClose(java.lang.reflect.Method)[pri:0, instance:testcases.BeforeTesting@6442b0a6]
                     </div>
                     <div>
                        <b>Parameters: </b>
                        
                        public void testcases.BeforeTesting.failingTest() throws java.lang.Exception
                        
                        
                     </div>
                     <div>
                        <b>Start time: </b>20:54:32
                     </div>
                     <div>
                        <b>End time: </b>20:54:32
                     </div>
                     <div>
                        <b>Duration: </b>0 ms
                        
                     </div>
                  </div>
               </td>
            </tr>
            <tr></tr>
            <tr id="testcases.BeforeTesting_tearDown_byClass_PASS12_row"
                class="testMethodStatusPASS testMethodStatusCONF">
               <td width="100%" class="firstMethodCell">
                  <a onclick="toggleDetailsVisibility('testcases.BeforeTesting_tearDown_byClass_PASS12_details')">tearDown()</a>
               </td>
               <td nowrap="true">20:54:32</td>
               <td nowrap="true" align="right">509 ms
                  
               </td>
               <td nowrap="true">
                   
                  
               </td>
            </tr>
            <tr>
               <td colspan="4" class="detailsBox">
                  <div id="testcases.BeforeTesting_tearDown_byClass_PASS12_details"
                       class="testMethodDetails">
                     <div>
                        <b>Name: </b>tearDown
                     </div>
                     <div>
                        <b>Signature: </b>tearDown()[pri:0, instance:testcases.BeforeTesting@6442b0a6]
                     </div>
                     <div>
                        <b>Start time: </b>20:54:32
                     </div>
                     <div>
                        <b>End time: </b>20:54:33
                     </div>
                     <div>
                        <b>Duration: </b>509 ms
                        
                     </div>
                  </div>
               </td>
            </tr>
            <tr></tr>
         </table>
         <br></br>
      </div>
      <div style="margin-top: 15px; color: gray; text-align: center; font-size: 9px;">
         Generated with
         
         <a href="http://code.google.com/p/testng-xslt/" style="color: #8888aa;"
            target="_blank">
            TestNG XSLT
            
         </a>
      </div>
   </body>
</html>