<!DOCTYPE html PUBLIC "-//W3C//DTD XHTML 1.1//EN" "http://www.w3.org/TR/xhtml11/DTD/xhtml11.dtd">
<html xmlns="http://www.w3.org/1999/xhtml"><head><title>TestNG Report</title><style type="text/css">table {margin-bottom:10px;border-collapse:collapse;empty-cells:show}th,td {border:1px solid #009;padding:.25em .5em}th {vertical-align:bottom}td {vertical-align:top}table a {font-weight:bold}.stripe td {background-color: #E6EBF9}.num {text-align:right}.passedodd td {background-color: #3F3}.passedeven td {background-color: #0A0}.skippedodd td {background-color: #DDD}.skippedeven td {background-color: #CCC}.failedodd td,.attn {background-color: #F33}.failedeven td,.stripe .attn {background-color: #D00}.stacktrace {white-space:pre;font-family:monospace}.totop {font-size:85%;text-align:center;border-bottom:2px solid #000}</style></head><body><table><tr><th>Test</th><th># Passed</th><th># Skipped</th><th># Failed</th><th>Time (ms)</th><th>Included Groups</th><th>Excluded Groups</th></tr><tr><th colspan="7">Selenium Grid Testing</th></tr><tr><td><a href="#t0">Test Listener</a></td><td class="num">1</td><td class="num">0</td><td class="num attn">2</td><td class="num">9,483</td><td></td><td></td></tr></table><table><thead><tr><th>Class</th><th>Method</th><th>Start</th><th>Time (ms)</th></tr></thead><tbody><tr><th colspan="4">Selenium Grid Testing</th></tr></tbody><tbody id="t0"><tr><th colspan="4">Test Listener &#8212; failed</th></tr><tr class="failedeven"><td rowspan="2">learnListener.TestingListener</td><td><a href="#m0">failTest</a></td><td rowspan="1">1429803693242</td><td rowspan="1">2</td></tr><tr class="failedeven"><td><a href="#m1">tryCatch</a></td><td rowspan="1">1429803693246</td><td rowspan="1">0</td></tr><tr><th colspan="4">Test Listener &#8212; passed</th></tr><tr class="passedeven"><td rowspan="1">learnListener.TestingListener</td><td><a href="#m2">testinTest</a></td><td rowspan="1">1429803690564</td><td rowspan="1">2676</td></tr></tbody></table><h2>Test Listener</h2><h3 id="m0">learnListener.TestingListener#failTest</h3><table class="result"><tr><th>Exception</th></tr><tr><td><div class="stacktrace">java.lang.AssertionError: expected [Y] but found [A]
	at learnListener.TestingListener.failTest(TestingListener.java:41)
... Removed 29 stack frames</div></td></tr></table><p class="totop"><a href="#summary">back to summary</a></p><h3 id="m1">learnListener.TestingListener#tryCatch</h3><table class="result"><tr><th>Exception</th></tr><tr><td><div class="stacktrace">java.lang.Throwable: Multiple failures (2):nnFailure 1 of 2:njava.lang.AssertionError: expected [rifa] but found [Hasan]
	at learnListener.TestingListener.tryCatch(TestingListener.java:52)
nnFailure 2 of 2:njava.lang.AssertionError: expected [rifa] but found [Hasan]
	at learnListener.TestingListener.tryCatch(TestingListener.java:52)
... Removed 58 stack frames</div></td></tr></table><p class="totop"><a href="#summary">back to summary</a></p><h3 id="m2">learnListener.TestingListener#testinTest</h3><table class="result"></table><p class="totop"><a href="#summary">back to summary</a></p></body></html>